[0] private-a1-s3-ap-south-1: [1695539282.165335000, {"kubernetes"=>{"labels"=>{"region"=>"ap-south-1", "tenant"=>"private-a1", "has-sensitive-data"=>"true"}}, "new_tag"=>[0] general-elastic-ap-south-1: [1695539282.240370700, {"kubernetes"=>{"labels"=>{"region"=>"ap-south-1", "has-sensitive-data"=>"false"}}, "new_tag"=>"general-elastic-ap-south-1"}]
"private-a1-s3-ap-south-1"}]
[0] general-elastic: [1695539282.382907600, {"kubernetes"=>{"labels"=>{"region"=>"us-west-1"}}, "new_tag"=>"general-elastic"}]
[0] general-s3: [1695539282.321840800, {"kubernetes"=>{"labels"=>{"has-sensitive-data"=>"true"}}, "new_tag"=>"general-s3"}]
[0] private-a1-s3-ap-south-1: [1695539283.166006600, {"kubernetes"=>{"labels"=>{"region"=>"ap-south-1", "tenant"=>"private-a1", "has-sensitive-data"=>"true"}}, "new_tag"=>"private-a1-s3-ap-south-1"}]
[0] general-elastic: [1695539283.369307300, {"kubernetes"=>{"labels"=>{"region"=>"us-west-1"}}, "new_tag"=>"general-elastic"}]
[0] general-elastic-ap-south-1: [1695539283.257714500, {"kubernetes"=>{"labels"=>{"region"=>"ap-south-1", "has-sensitive-data"=>"false"}}, "new_tag"=>"general-elastic-ap-south-1"}]
[0] general-s3: [1695539283.311471000, {"kubernetes"=>{"labels"=>{"has-sensitive-data"=>"true"}}, "new_tag"=>"general-s3"}]
[0] private-a1-s3-ap-south-1: [1695539284.166271200, {"kubernetes"=>{"labels"=>{"region"=>"ap-south-1", "tenant"=>"private-a1", "has-sensitive-data"=>"true"}}, "new_tag"=>"private-a1-s3-ap-south-1"}]
[0] general-s3: [1695539284.290573600, [0] general-elastic-ap-south-1: [1695539284.237146200, {"kubernetes"=>{"labels"=>{"region"=>"ap-south-1", "has-sensitive-data"=>"false"}}, "new_tag"=>"general-elastic-ap-south-1"}]
{"kubernetes"=>{"labels"=>{"has-sensitive-data"=>"true"}}, "new_tag"=>"general-s3"}]
[0] general-elastic: [1695539284.344309200, {"kubernetes"=>{"labels"=>{"region"=>"us-west-1"}}, "new_tag"=>"general-elastic"}]
[0] private-a1-s3-ap-south-1: [1695539285.166261200, {"kubernetes"=>{"labels"=>{"region"=>"ap-south-1", "tenant"=>"private-a1", "has-sensitive-data"=>"true"}}, "new_tag"=>"private-a1-s3-ap-south-1"}]
[0] general-s3: [1695539285.310809400, {"kubernetes"=>{"labels"=>{"has-sensitive-data"=>"true"}}, "new_tag"=>"general-s3"}]
[0] general-elastic: [1695539285.363942700, {"kubernetes"=>{"labels"=>{"region"=>"us-west-1"}}, "new_tag"=>"general-elastic"}]
[0] general-elastic-ap-south-1: [1695539285.256336400, {"kubernetes"=>{"labels"=>{"region"=>"ap-south-1", "has-sensitive-data"=>"false"}}, "new_tag"=>"general-elastic-ap-south-1"}]
[0] private-a1-s3-ap-south-1: [1695539286.166301000, {"kubernetes"=>{"labels"=>{"region"=>"ap-south-1", "tenant"=>"private-a1", "has-sensitive-data"=>"true"}}, "new_tag"=>"private-a1-s3-ap-south-1"}]
[0] general-s3: [1695539286.335218100, {"kubernetes"=>{"labels"=>{"has-sensitive-data"=>"true"}}, "new_tag"=>"general-s3"}]
[0] general-elastic: [1695539286.396622000, {"kubernetes"=>{"labels"=>{"region"=>"us-west-1"}}, "new_tag"=>"general-elastic"}]
[0] general-elastic-ap-south-1: [1695539286.265053200, {"kubernetes"=>{"labels"=>{"region"=>"ap-south-1", "has-sensitive-data"=>"false"}}, "new_tag"=>"general-elastic-ap-south-1"}]
[0] private-a1-s3-ap-south-1: [1695539287.166048700, {"kubernetes"=>{"labels"=>{"region"=>"ap-south-1", "tenant"=>"private-a1", "has-sensitive-data"=>"true"}}, "new_tag"=>"private-a1-s3-ap-south-1"}]
[0] general-s3: [1695539287.297573600, {"kubernetes"=>{"labels"=>{"has-sensitive-data"=>"true"}}, "new_tag"=>"general-s3"}]
[0] general-elastic: [1695539287.355160700, {"kubernetes"=>{"labels"=>{"region"=>"us-west-1"}}, "new_tag"=>"general-elastic"}]
[0] general-elastic-ap-south-1: [1695539287.243922100, {"kubernetes"=>{"labels"=>{"region"=>"ap-south-1", "has-sensitive-data"=>"false"}}, "new_tag"=>"general-elastic-ap-south-1"}]
[0] private-a1-s3-ap-south-1: [1695539288.166513000, {"kubernetes"=>{"labels"=>{"region"=>"ap-south-1", "tenant"=>"private-a1", "has-sensitive-data"=>"true"}}, "new_tag"=>"private-a1-s3-ap-south-1"}]
[0] general-elastic: [1695539288.345321000, {"kubernetes"=>{"labels"=>{"region"=>"us-west-1"}}, "new_tag"=>"general-elastic"}]
[0] general-s3: [1695539288.292080400, {"kubernetes"=>{"labels"=>{"has-sensitive-data"=>"true"}}, "new_tag"=>"general-s3"}]
[0] general-elastic-ap-south-1: [1695539288.238571000, {"kubernetes"=>{"labels"=>{"region"=>"ap-south-1", "has-sensitive-data"=>"false"}}, "new_tag"=>"general-elastic-ap-south-1"}]
[0] private-a1-s3-ap-south-1: [1695539289.166058300, {"kubernetes"=>{"labels"=>{"region"=>"ap-south-1", "tenant"=>"private-a1", "has-sensitive-data"=>"true"}}, "new_tag"=>"private-a1-s3-ap-south-1"}]
[0] general-elastic: [1695539289.370822400, {"kubernetes"=>{"labels"=>{"region"=>"us-west-1"}}, "new_tag"=>"general-elastic"}]
[0] general-s3: [1695539289.314049800, {"kubernetes"=>{"labels"=>{"has-sensitive-data"=>"true"}}, "new_tag"=>"general-s3"}]
[0] general-elastic-ap-south-1: [1695539289.260998100, {"kubernetes"=>{"labels"=>{"region"=>"ap-south-1", "has-sensitive-data"=>"false"}}, "new_tag"=>"general-elastic-ap-south-1"}]
[0] private-a1-s3-ap-south-1: [1695539290.165841900, {"kubernetes"=>{"labels"=>{"region"=>"ap-south-1", "tenant"=>"private-a1", "has-sensitive-data"=>"true"}}, "new_tag"=>"private-a1-s3-ap-south-1"}]
[0] general-elastic: [1695539290.347084300, {"kubernetes"=>{"labels"=>{"region"=>"us-west-1"}}, "new_tag"=>"general-elastic"}]
[0] general-s3: [1695539290.294309700, {"kubernetes"=>{"labels"=>{"has-sensitive-data"=>"true"}}, "new_tag"=>"general-s3"}]
[0] general-elastic-ap-south-1: [1695539290.237072300, {"kubernetes"=>{"labels"=>{"region"=>"ap-south-1", "has-sensitive-data"=>"false"}}, "new_tag"=>"general-elastic-ap-south-1"}]
[0] private-a1-s3-ap-south-1: [1695539291.165709800, {"kubernetes"=>{"labels"=>{"region"=>"ap-south-1", "tenant"=>"private-a1", "has-sensitive-data"=>"true"}}, "new_tag"=>"private-a1-s3-ap-south-1"}]
[0] general-s3: [1695539291.291345100, {"kubernetes"=>{"labels"=>{"has-sensitive-data[0] general-elastic: ["=>"true"}}, 1695539291.349425800, {"kubernetes"=>{"labels"=>{"region"=>"us-west-1"}}, "new_tag"=>"general-elastic"}]
"new_tag"=>"general-s3"}]
[0] general-elastic-ap-south-1: [1695539291.232524000, {"kubernetes"=>{"labels"=>{"region"=>"ap-south-1", "has-sensitive-data"=>"false"}}, "new_tag"=>"general-elastic-ap-south-1"}]
[0] private-a1-s3-ap-south-1: [1695539292.166158100, {"kubernetes"=>{"labels"=>{"region"=>"ap-south-1", "tenant"=>"private-a1", "has-sensitive-data"=>"true"}}, "new_tag"=>"private-a1-s3-ap-south-1"}]
[0] general-elastic: [1695539292.375370400, {"kubernetes"=>{"labels"=>{"region"=>"us-west-1"}}, "new_tag"=>"general-elastic"}]
[0] general-s3: [1695539292.322680900, {"kubernetes"=>{"labels"=>{"has-sensitive-data"=>"true"}}, "new_tag"=>"general-s3"}]
[0] general-elastic-ap-south-1: [1695539292.268432600, {"kubernetes"=>{"labels"=>{"region"=>"ap-south-1", "has-sensitive-data"=>"false"}}, "new_tag"=>"general-elastic-ap-south-1"}]
[0] general-elastic-ap-south-1: [1695539293.165832300, {"kubernetes"=>{"labels"=>{"region"=>"ap-south-1", "has-sensitive-data"=>"false"}}, "new_tag"=>"general-elastic-ap-south-1"}]
[0] general-s3: [1695539293.265880800, {"kubernetes"=>{"labels"=>{"has-sensitive-data"=>"true"}}, "new_tag"=>"general-s3"}]
[0] general-elastic: [1695539293.326625300, {"kubernetes"=>{"labels"=>{"region"=>"us-west-1"}}, "new_tag"=>"general-elastic"}]
[0] private-a1-s3-ap-south-1: [1695539293.380327800, {"kubernetes"=>{"labels"=>{"region"=>"ap-south-1", "tenant"=>"private-a1", "has-sensitive-data"=>"true"}}, "new_tag"=>"private-a1-s3-ap-south-1"}]
[0] general-elastic-ap-south-1: [1695539294.166219800, {"kubernetes"=>{"labels"=>{"region"=>"ap-south-1", "has-sensitive-data"=>"false"}}, "new_tag"=>"general-elastic-ap-south-1"}]
[0] general-elastic: [1695539294.287326200, {"kubernetes"=>{"labels"=>{"region"=>"us-west-1"}}, "new_tag"=>"general-elastic"}]
[0] general-s3: [[0] private-a1-s3-ap-south-1: [1695539294.341017600, {"kubernetes"=>{"labels"=>{"region"=>"ap-south-1", "tenant"=>"private-a1", "has-sensitive-data"=>"true"}}, "new_tag"=>"private-a1-s3-ap-south-1"}]
1695539294.233331200, {"kubernetes"=>{"labels"=>{"has-sensitive-data"=>"true"}}, "new_tag"=>"general-s3"}]
[0] general-elastic-ap-south-1: [1695539295.166225400, {"kubernetes"=>{"labels"=>{"region"=>"ap-south-1", "has-sensitive-data"=>"false"}}, "new_tag"=>"general-elastic-ap-south-1"}]
[0] general-elastic: [1695539295.291247600, {"kubernetes"=>{"labels"=>{"region"=>"us-west-1"}}, "new_tag"=>"general-elastic"}]
[0] private-a1-s3-ap-south-1: [1695539295.358164200, {"kubernetes"=>{"labels"=>{"region"=>"ap-south-1", "tenant"=>"private-a1", "has-sensitive-data"=>"true"}}, "new_tag"=>"private-a1-s3-ap-south-1"}]
[0] general-s3: [1695539295.237609400, {"kubernetes"=>{"labels"=>{"has-sensitive-data"=>"true"}}, "new_tag"=>"general-s3"}]
[0] general-elastic-ap-south-1: [1695539296.166302500, {"kubernetes"=>{"labels"=>{"region"=>"ap-south-1", "has-sensitive-data"=>"false"}}, "new_tag"=>"general-elastic-ap-south-1"}]
[0] general-elastic: [1695539296.312253900, [0] general-s3: [1695539296.258625300, {"kubernetes"=>{"labels"=>{"has-sensitive-data"=>"true"}}, "new_tag"=>"general-s3"}]
[0] private-a1-s3-ap-south-1: [1695539296.365763600, {"kubernetes"=>{"labels"=>{"region"=>"ap-south-1", "tenant"=>"private-a1", "has-sensitive-data"=>"true"}}, "new_tag"=>"private-a1-s3-ap-south-1"}]
{"kubernetes"=>{"labels"=>{"region"=>"us-west-1"}}, "new_tag"=>"general-elastic"}]
[0] general-elastic-ap-south-1: [1695539297.165880000, {"kubernetes"=>{"labels"=>{"region"=>"ap-south-1", "has-sensitive-data"=>"false"}}, "new_tag"=>"general-elastic-ap-south-1"}]
[0] general-elastic: [[0] private-a1-s3-ap-south-1: [1695539297.356045800, {"kubernetes"=>{"labels"=>{"region"=>"ap-south-1", "tenant"=>"private-a1", "has-sensitive-data"=>"true"}}, "new_tag"=>"private-a1-s3-ap-south-1"}]
1695539297.303147900, {"kubernetes"=>{"labels"=>{"region"=>"us-west-1"}}, "new_tag"=>"general-elastic"}]
[0] general-s3: [1695539297.247826600, {"kubernetes"=>{"labels"=>{"has-sensitive-data"=>"true"}}, "new_tag"=>"general-s3"}]